0 info it worked if it ends with ok
1 verbose cli [
1 verbose cli   '/usr/local/Cellar/node/23.11.0/bin/node',
1 verbose cli   '/usr/local/bin/npm',
1 verbose cli   'install',
1 verbose cli   '--save-dev',
1 verbose cli   '@types/react',
1 verbose cli   '@types/react-dom'
1 verbose cli ]
2 info using npm@1.3.0
3 info using node@v23.11.0
4 verbose cache add [ '@types/react', null ]
5 verbose cache add name=undefined spec="@types/react" args=["@types/react",null]
6 verbose parsed url Url {
6 verbose parsed url   protocol: null,
6 verbose parsed url   slashes: null,
6 verbose parsed url   auth: null,
6 verbose parsed url   host: null,
6 verbose parsed url   port: null,
6 verbose parsed url   hostname: null,
6 verbose parsed url   hash: null,
6 verbose parsed url   search: null,
6 verbose parsed url   query: null,
6 verbose parsed url   pathname: '@types/react',
6 verbose parsed url   path: '@types/react',
6 verbose parsed url   href: '@types/react'
6 verbose parsed url }
7 verbose cache add name="" spec="types/react" args=["","types/react"]
8 verbose parsed url Url {
8 verbose parsed url   protocol: null,
8 verbose parsed url   slashes: null,
8 verbose parsed url   auth: null,
8 verbose parsed url   host: null,
8 verbose parsed url   port: null,
8 verbose parsed url   hostname: null,
8 verbose parsed url   hash: null,
8 verbose parsed url   search: null,
8 verbose parsed url   query: null,
8 verbose parsed url   pathname: 'types/react',
8 verbose parsed url   path: 'types/react',
8 verbose parsed url   href: 'types/react'
8 verbose parsed url }
9 verbose cache add [ '@types/react-dom', null ]
10 verbose cache add name=undefined spec="@types/react-dom" args=["@types/react-dom",null]
11 verbose parsed url Url {
11 verbose parsed url   protocol: null,
11 verbose parsed url   slashes: null,
11 verbose parsed url   auth: null,
11 verbose parsed url   host: null,
11 verbose parsed url   port: null,
11 verbose parsed url   hostname: null,
11 verbose parsed url   hash: null,
11 verbose parsed url   search: null,
11 verbose parsed url   query: null,
11 verbose parsed url   pathname: '@types/react-dom',
11 verbose parsed url   path: '@types/react-dom',
11 verbose parsed url   href: '@types/react-dom'
11 verbose parsed url }
12 verbose cache add name="" spec="types/react-dom" args=["","types/react-dom"]
13 verbose parsed url Url {
13 verbose parsed url   protocol: null,
13 verbose parsed url   slashes: null,
13 verbose parsed url   auth: null,
13 verbose parsed url   host: null,
13 verbose parsed url   port: null,
13 verbose parsed url   hostname: null,
13 verbose parsed url   hash: null,
13 verbose parsed url   search: null,
13 verbose parsed url   query: null,
13 verbose parsed url   pathname: 'types/react-dom',
13 verbose parsed url   path: 'types/react-dom',
13 verbose parsed url   href: 'types/react-dom'
13 verbose parsed url }
14 silly lockFile e2ff512a-types-react types/react
15 verbose lock types/react /Users/void/.npm/e2ff512a-types-react.lock
16 silly lockFile 68f7f9a1-types-react-dom types/react-dom
17 verbose lock types/react-dom /Users/void/.npm/68f7f9a1-types-react-dom.lock
18 info maybeGithub Attempting types/react from git://github.com/types/react
19 silly lockFile ab30e1d6-git-github-com-types-react git://github.com/types/react
20 verbose lock git://github.com/types/react /Users/void/.npm/ab30e1d6-git-github-com-types-react.lock
21 info maybeGithub Attempting types/react-dom from git://github.com/types/react-dom
22 silly lockFile cc3c9f47-git-github-com-types-react-dom git://github.com/types/react-dom
23 verbose lock git://github.com/types/react-dom /Users/void/.npm/cc3c9f47-git-github-com-types-react-dom.lock
24 verbose addRemoteGit [ 'git://github.com/types/react', 'master' ]
25 verbose addRemoteGit [ 'git://github.com/types/react-dom', 'master' ]
26 verbose git clone git://github.com/types/react-dom Cloning into bare repository '/Users/void/.npm/_git-remotes/git-github-com-types-react-dom-cc3c9f47'...
26 verbose git clone git://github.com/types/react-dom fatal: unable to connect to github.com:
26 verbose git clone git://github.com/types/react-dom github.com[0: 20.205.243.166]: errno=Operation timed out
27 verbose git clone git://github.com/types/react Cloning into bare repository '/Users/void/.npm/_git-remotes/git-github-com-types-react-ab30e1d6'...
27 verbose git clone git://github.com/types/react fatal: unable to connect to github.com:
27 verbose git clone git://github.com/types/react github.com[0: 20.205.243.166]: errno=Operation timed out
28 silly lockFile ab30e1d6-git-github-com-types-react git://github.com/types/react
29 silly lockFile ab30e1d6-git-github-com-types-react git://github.com/types/react
30 silly lockFile cc3c9f47-git-github-com-types-react-dom git://github.com/types/react-dom
31 silly lockFile cc3c9f47-git-github-com-types-react-dom git://github.com/types/react-dom
32 info maybeGithub Attempting types/react-dom from git+ssh://git@github.com:types/react-dom
33 silly lockFile e9ed9fca-h-git-github-com-types-react-dom git+ssh://git@github.com:types/react-dom
34 verbose lock git+ssh://git@github.com:types/react-dom /Users/void/.npm/e9ed9fca-h-git-github-com-types-react-dom.lock
35 info maybeGithub Attempting types/react from git+ssh://git@github.com:types/react
36 silly lockFile ee167e62-t-ssh-git-github-com-types-react git+ssh://git@github.com:types/react
37 verbose lock git+ssh://git@github.com:types/react /Users/void/.npm/ee167e62-t-ssh-git-github-com-types-react.lock
38 verbose addRemoteGit [ 'git@github.com:types/react-dom', 'master' ]
39 verbose addRemoteGit [ 'git@github.com:types/react', 'master' ]
40 error git clone git@github.com:types/react-dom Cloning into bare repository '/Users/void/.npm/_git-remotes/git-github-com-types-react-dom-8f5064ab'...
40 error git clone git@github.com:types/react-dom ERROR: Repository not found.
40 error git clone git@github.com:types/react-dom fatal: Could not read from remote repository.
40 error git clone git@github.com:types/react-dom
40 error git clone git@github.com:types/react-dom Please make sure you have the correct access rights
40 error git clone git@github.com:types/react-dom and the repository exists.
41 silly lockFile 8f5064ab-git-github-com-types-react-dom git@github.com:types/react-dom
42 silly lockFile 68f7f9a1-types-react-dom types/react-dom
43 silly lockFile 68f7f9a1-types-react-dom types/react-dom
44 error addLocal Could not install types/react-dom
45 error Error: ENOENT: no such file or directory, stat 'types/react-dom'
46 error If you need help, you may report this log at:
46 error     <http://github.com/isaacs/npm/issues>
46 error or email it to:
46 error     <npm-@googlegroups.com>
47 error System Darwin 24.3.0
48 error command "/usr/local/Cellar/node/23.11.0/bin/node" "/usr/local/bin/npm" "install" "--save-dev" "@types/react" "@types/react-dom"
49 error cwd /Users/void/Downloads/Msuite
50 error node -v v23.11.0
51 error npm -v 1.3.0
52 error path types/react-dom
53 error syscall stat
54 error code ENOENT
55 error errno -2
56 verbose exit [ -2, true ]
